<?xml version="1.0" encoding="UTF-8"?>
<testsuites name="Test Suite" time="9.855" tests="6" failures="0" errors="0">
   <testsuite name="Test Suite" tests="6" failures="0" errors="0" time="9.855" skipped="0" timestamp="30-01-2024T17:57:25" hostname="frisc - LAPTOP-4M4D21FP" id="Test Suites/Test Suite">
      <properties>
         <property name="deviceName" value=""/>
         <property name="devicePlatform" value=""/>
         <property name="logFolder" value="C:\\Users\\frisc\\git\\Reqres---Katalon-Studio\\Reports\\20240130_175720\\Test Suite\\20240130_175721"/>
         <property name="logFiles" value="C:\\Users\\frisc\\git\\Reqres---Katalon-Studio\\Reports\\20240130_175720\\Test Suite\\20240130_175721\\execution0.log"/>
         <property name="attachments" value=""/>
         <property name="hostName" value="frisc - LAPTOP-4M4D21FP"/>
         <property name="hostAddress" value="192.168.18.201"/>
         <property name="os" value="Windows 11 64bit"/>
         <property name="katalonVersion" value="9.2.0.212"/>
      </properties>
      <testcase name="Test Cases/Create User" time="3.473" classname="Test Cases/Create User" status="PASSED">
         <system-out><![CDATA[30-01-2024T17:57:26 - [TEST_CASE][PASSED] - Test Cases/Create User: Test Cases/Create User

30-01-2024T17:57:26 - [TEST_STEP][PASSED] - response = sendRequest(findTestObject("POST Create User")): Send request successfully

30-01-2024T17:57:29 - [MESSAGE][INFO] - HAR: C:\Users\frisc\git\Reqres---Katalon-Studio\Reports\20240130_175720\Test Suite\20240130_175721\requests\main\0.har

30-01-2024T17:57:29 - [MESSAGE][PASSED] - Send request successfully

30-01-2024T17:57:29 - [TEST_STEP][PASSED] - verifyElementPropertyValue(response, "name", "Frisca"): Verify element property value successfully

30-01-2024T17:57:29 - [MESSAGE][PASSED] - Verify element property value successfully

30-01-2024T17:57:29 - [TEST_STEP][PASSED] - verifyElementPropertyValue(response, "job", "QA"): Verify element property value successfully

30-01-2024T17:57:29 - [MESSAGE][PASSED] - Verify element property value successfully

30-01-2024T17:57:29 - [TEST_STEP][PASSED] - verifyResponseStatusCode(response, 201): Verify response status code successfully

30-01-2024T17:57:29 - [MESSAGE][PASSED] - Verify response status code successfully]]></system-out>
         <system-err><![CDATA[]]></system-err>
      </testcase>
      <testcase name="Test Cases/DELETE User" time="1.376" classname="Test Cases/DELETE User" status="PASSED">
         <system-out><![CDATA[30-01-2024T17:57:29 - [TEST_CASE][PASSED] - Test Cases/DELETE User: Test Cases/DELETE User

30-01-2024T17:57:29 - [TEST_STEP][PASSED] - response = sendRequest(findTestObject("DELETE User")): Send request successfully

30-01-2024T17:57:30 - [MESSAGE][INFO] - HAR: C:\Users\frisc\git\Reqres---Katalon-Studio\Reports\20240130_175720\Test Suite\20240130_175721\requests\main\1.har

30-01-2024T17:57:30 - [MESSAGE][PASSED] - Send request successfully

30-01-2024T17:57:30 - [TEST_STEP][PASSED] - verifyResponseStatusCode(response, 204): Verify response status code successfully

30-01-2024T17:57:30 - [MESSAGE][PASSED] - Verify response status code successfully]]></system-out>
         <system-err><![CDATA[]]></system-err>
      </testcase>
      <testcase name="Test Cases/Failed Registrasi" time="1.233" classname="Test Cases/Failed Registrasi" status="PASSED">
         <system-out><![CDATA[30-01-2024T17:57:30 - [TEST_CASE][PASSED] - Test Cases/Failed Registrasi: Test Cases/Failed Registrasi

30-01-2024T17:57:30 - [TEST_STEP][PASSED] - response = sendRequest(findTestObject("POST Failed Register")): Send request successfully

30-01-2024T17:57:32 - [MESSAGE][INFO] - HAR: C:\Users\frisc\git\Reqres---Katalon-Studio\Reports\20240130_175720\Test Suite\20240130_175721\requests\main\2.har

30-01-2024T17:57:32 - [MESSAGE][PASSED] - Send request successfully

30-01-2024T17:57:32 - [TEST_STEP][PASSED] - verifyResponseStatusCode(response, 400): Verify response status code successfully

30-01-2024T17:57:32 - [MESSAGE][PASSED] - Verify response status code successfully]]></system-out>
         <system-err><![CDATA[]]></system-err>
      </testcase>
      <testcase name="Test Cases/Search User by ID" time="0.87" classname="Test Cases/Search User by ID" status="PASSED">
         <system-out><![CDATA[30-01-2024T17:57:32 - [TEST_CASE][PASSED] - Test Cases/Search User by ID: Test Cases/Search User by ID

30-01-2024T17:57:32 - [TEST_STEP][PASSED] - response = sendRequest(findTestObject("GET User by ID")): Send request successfully

30-01-2024T17:57:33 - [MESSAGE][INFO] - HAR: C:\Users\frisc\git\Reqres---Katalon-Studio\Reports\20240130_175720\Test Suite\20240130_175721\requests\main\3.har

30-01-2024T17:57:33 - [MESSAGE][PASSED] - Send request successfully

30-01-2024T17:57:33 - [TEST_STEP][PASSED] - verifyResponseStatusCode(response, 200): Verify response status code successfully

30-01-2024T17:57:33 - [MESSAGE][PASSED] - Verify response status code successfully]]></system-out>
         <system-err><![CDATA[]]></system-err>
      </testcase>
      <testcase name="Test Cases/List User" time="1.165" classname="Test Cases/List User" status="PASSED">
         <system-out><![CDATA[30-01-2024T17:57:33 - [TEST_CASE][PASSED] - Test Cases/List User: Test Cases/List User

30-01-2024T17:57:33 - [TEST_STEP][PASSED] - response = sendRequest(findTestObject("GET All Users")): Send request successfully

30-01-2024T17:57:34 - [MESSAGE][INFO] - HAR: C:\Users\frisc\git\Reqres---Katalon-Studio\Reports\20240130_175720\Test Suite\20240130_175721\requests\main\4.har

30-01-2024T17:57:34 - [MESSAGE][PASSED] - Send request successfully

30-01-2024T17:57:34 - [TEST_STEP][PASSED] - verifyResponseStatusCode(response, 200): Verify response status code successfully

30-01-2024T17:57:34 - [MESSAGE][PASSED] - Verify response status code successfully

30-01-2024T17:57:34 - [TEST_STEP][PASSED] - jsonPass = "
{
  "$id": "https://example.com/person.schema.json",
  "$schema": "https://json-schema.org/draft/2020-12/schema",
  "title": "Person",
  "type": "object",
  "properties": {
    "firstName": {
      "type": "string",
      "description": "The person's first name."
    },
    "lastName": {
      "type": "string",
      "description": "The person's last name."
    },
    "age": {
      "description": "Age in years which must be equal to or greater than zero.",
      "type": "integer",
      "minimum": 0
    }
  }
}
": null

30-01-2024T17:57:34 - [TEST_STEP][PASSED] - successful = validateJsonAgainstSchema(response, jsonPass): Validate with JSON Schema successfully

30-01-2024T17:57:34 - [MESSAGE][PASSED] - Validate with JSON Schema successfully]]></system-out>
         <system-err><![CDATA[]]></system-err>
      </testcase>
      <testcase name="Test Cases/Update User" time="1.502" classname="Test Cases/Update User" status="PASSED">
         <system-out><![CDATA[30-01-2024T17:57:34 - [TEST_CASE][PASSED] - Test Cases/Update User: Test Cases/Update User

30-01-2024T17:57:34 - [TEST_STEP][PASSED] - response = sendRequest(findTestObject("PATCH Update")): Send request successfully

30-01-2024T17:57:35 - [MESSAGE][INFO] - HAR: C:\Users\frisc\git\Reqres---Katalon-Studio\Reports\20240130_175720\Test Suite\20240130_175721\requests\main\5.har

30-01-2024T17:57:35 - [MESSAGE][PASSED] - Send request successfully

30-01-2024T17:57:35 - [TEST_STEP][PASSED] - verifyElementPropertyValue(response, "name", "Frisca"): Verify element property value successfully

30-01-2024T17:57:35 - [MESSAGE][PASSED] - Verify element property value successfully

30-01-2024T17:57:35 - [TEST_STEP][PASSED] - verifyElementPropertyValue(response, "job", "QA"): Verify element property value successfully

30-01-2024T17:57:35 - [MESSAGE][PASSED] - Verify element property value successfully

30-01-2024T17:57:35 - [TEST_STEP][PASSED] - verifyResponseStatusCode(response, 200): Verify response status code successfully

30-01-2024T17:57:35 - [MESSAGE][PASSED] - Verify response status code successfully]]></system-out>
         <system-err><![CDATA[]]></system-err>
      </testcase>
      <system-out><![CDATA[30-01-2024T17:57:25 - [TEST_SUITE][PASSED] - Test Suite: Test Cases/Update User]]></system-out>
      <system-err><![CDATA[]]></system-err>
   </testsuite>
</testsuites>
